<?xml version="1.0" encoding="UTF-8"?>
<testsuite xmlns:xsi="http://www.w3.org/2001/XMLSchema-instance" xsi:noNamespaceSchemaLocation="https://maven.apache.org/surefire/maven-surefire-plugin/xsd/surefire-test-report-3.0.xsd" version="3.0" name="com.example.LRU.LruApplicationTests" time="3.851" tests="1" errors="0" skipped="0" failures="0">
  <properties>
    <property name="java.specification.version" value="17"/>
    <property name="sun.cpu.isalist" value="amd64"/>
    <property name="sun.jnu.encoding" value="Cp1252"/>
    <property name="java.class.path" value="C:\Users\himanshu.jain1\Documents\Learning\LRU\target\test-classes;C:\Users\himanshu.jain1\Documents\Learning\LRU\target\classes;C:\Users\himanshu.jain1\.m2\repository\org\springframework\boot\spring-boot-starter-web\3.1.11-SNAPSHOT\spring-boot-starter-web-3.1.11-SNAPSHOT.jar;C:\Users\himanshu.jain1\.m2\repository\org\springframework\boot\spring-boot-starter\3.1.11-SNAPSHOT\spring-boot-starter-3.1.11-SNAPSHOT.jar;C:\Users\himanshu.jain1\.m2\repository\org\springframework\boot\spring-boot\3.1.11-SNAPSHOT\spring-boot-3.1.11-SNAPSHOT.jar;C:\Users\himanshu.jain1\.m2\repository\org\springframework\boot\spring-boot-autoconfigure\3.1.11-SNAPSHOT\spring-boot-autoconfigure-3.1.11-SNAPSHOT.jar;C:\Users\himanshu.jain1\.m2\repository\org\springframework\boot\spring-boot-starter-logging\3.1.11-SNAPSHOT\spring-boot-starter-logging-3.1.11-SNAPSHOT.jar;C:\Users\himanshu.jain1\.m2\repository\ch\qos\logback\logback-classic\1.4.14\logback-classic-1.4.14.jar;C:\Users\himanshu.jain1\.m2\repository\ch\qos\logback\logback-core\1.4.14\logback-core-1.4.14.jar;C:\Users\himanshu.jain1\.m2\repository\org\apache\logging\log4j\log4j-to-slf4j\2.20.0\log4j-to-slf4j-2.20.0.jar;C:\Users\himanshu.jain1\.m2\repository\org\apache\logging\log4j\log4j-api\2.20.0\log4j-api-2.20.0.jar;C:\Users\himanshu.jain1\.m2\repository\org\slf4j\jul-to-slf4j\2.0.12\jul-to-slf4j-2.0.12.jar;C:\Users\himanshu.jain1\.m2\repository\jakarta\annotation\jakarta.annotation-api\2.1.1\jakarta.annotation-api-2.1.1.jar;C:\Users\himanshu.jain1\.m2\repository\org\yaml\snakeyaml\1.33\snakeyaml-1.33.jar;C:\Users\himanshu.jain1\.m2\repository\org\springframework\boot\spring-boot-starter-json\3.1.11-SNAPSHOT\spring-boot-starter-json-3.1.11-SNAPSHOT.jar;C:\Users\himanshu.jain1\.m2\repository\com\fasterxml\jackson\core\jackson-databind\2.15.4\jackson-databind-2.15.4.jar;C:\Users\himanshu.jain1\.m2\repository\com\fasterxml\jackson\core\jackson-annotations\2.15.4\jackson-annotations-2.15.4.jar;C:\Users\himanshu.jain1\.m2\repository\com\fasterxml\jackson\core\jackson-core\2.15.4\jackson-core-2.15.4.jar;C:\Users\himanshu.jain1\.m2\repository\com\fasterxml\jackson\datatype\jackson-datatype-jdk8\2.15.4\jackson-datatype-jdk8-2.15.4.jar;C:\Users\himanshu.jain1\.m2\repository\com\fasterxml\jackson\datatype\jackson-datatype-jsr310\2.15.4\jackson-datatype-jsr310-2.15.4.jar;C:\Users\himanshu.jain1\.m2\repository\com\fasterxml\jackson\module\jackson-module-parameter-names\2.15.4\jackson-module-parameter-names-2.15.4.jar;C:\Users\himanshu.jain1\.m2\repository\org\springframework\boot\spring-boot-starter-tomcat\3.1.11-SNAPSHOT\spring-boot-starter-tomcat-3.1.11-SNAPSHOT.jar;C:\Users\himanshu.jain1\.m2\repository\org\apache\tomcat\embed\tomcat-embed-core\10.1.19\tomcat-embed-core-10.1.19.jar;C:\Users\himanshu.jain1\.m2\repository\org\apache\tomcat\embed\tomcat-embed-el\10.1.19\tomcat-embed-el-10.1.19.jar;C:\Users\himanshu.jain1\.m2\repository\org\apache\tomcat\embed\tomcat-embed-websocket\10.1.19\tomcat-embed-websocket-10.1.19.jar;C:\Users\himanshu.jain1\.m2\repository\org\springframework\spring-web\6.0.18\spring-web-6.0.18.jar;C:\Users\himanshu.jain1\.m2\repository\org\springframework\spring-beans\6.0.18\spring-beans-6.0.18.jar;C:\Users\himanshu.jain1\.m2\repository\io\micrometer\micrometer-observation\1.11.10\micrometer-observation-1.11.10.jar;C:\Users\himanshu.jain1\.m2\repository\io\micrometer\micrometer-commons\1.11.10\micrometer-commons-1.11.10.jar;C:\Users\himanshu.jain1\.m2\repository\org\springframework\spring-webmvc\6.0.18\spring-webmvc-6.0.18.jar;C:\Users\himanshu.jain1\.m2\repository\org\springframework\spring-aop\6.0.18\spring-aop-6.0.18.jar;C:\Users\himanshu.jain1\.m2\repository\org\springframework\spring-context\6.0.18\spring-context-6.0.18.jar;C:\Users\himanshu.jain1\.m2\repository\org\springframework\spring-expression\6.0.18\spring-expression-6.0.18.jar;C:\Users\himanshu.jain1\.m2\repository\org\projectlombok\lombok\1.18.30\lombok-1.18.30.jar;C:\Users\himanshu.jain1\.m2\repository\org\springframework\boot\spring-boot-starter-test\3.1.11-SNAPSHOT\spring-boot-starter-test-3.1.11-SNAPSHOT.jar;C:\Users\himanshu.jain1\.m2\repository\org\springframework\boot\spring-boot-test\3.1.11-SNAPSHOT\spring-boot-test-3.1.11-SNAPSHOT.jar;C:\Users\himanshu.jain1\.m2\repository\org\springframework\boot\spring-boot-test-autoconfigure\3.1.11-SNAPSHOT\spring-boot-test-autoconfigure-3.1.11-SNAPSHOT.jar;C:\Users\himanshu.jain1\.m2\repository\com\jayway\jsonpath\json-path\2.9.0\json-path-2.9.0.jar;C:\Users\himanshu.jain1\.m2\repository\org\slf4j\slf4j-api\2.0.12\slf4j-api-2.0.12.jar;C:\Users\himanshu.jain1\.m2\repository\jakarta\xml\bind\jakarta.xml.bind-api\4.0.2\jakarta.xml.bind-api-4.0.2.jar;C:\Users\himanshu.jain1\.m2\repository\jakarta\activation\jakarta.activation-api\2.1.3\jakarta.activation-api-2.1.3.jar;C:\Users\himanshu.jain1\.m2\repository\net\minidev\json-smart\2.4.11\json-smart-2.4.11.jar;C:\Users\himanshu.jain1\.m2\repository\net\minidev\accessors-smart\2.4.11\accessors-smart-2.4.11.jar;C:\Users\himanshu.jain1\.m2\repository\org\ow2\asm\asm\9.3\asm-9.3.jar;C:\Users\himanshu.jain1\.m2\repository\org\assertj\assertj-core\3.24.2\assertj-core-3.24.2.jar;C:\Users\himanshu.jain1\.m2\repository\net\bytebuddy\byte-buddy\1.14.12\byte-buddy-1.14.12.jar;C:\Users\himanshu.jain1\.m2\repository\org\hamcrest\hamcrest\2.2\hamcrest-2.2.jar;C:\Users\himanshu.jain1\.m2\repository\org\junit\jupiter\junit-jupiter\5.9.3\junit-jupiter-5.9.3.jar;C:\Users\himanshu.jain1\.m2\repository\org\junit\jupiter\junit-jupiter-api\5.9.3\junit-jupiter-api-5.9.3.jar;C:\Users\himanshu.jain1\.m2\repository\org\opentest4j\opentest4j\1.2.0\opentest4j-1.2.0.jar;C:\Users\himanshu.jain1\.m2\repository\org\junit\platform\junit-platform-commons\1.9.3\junit-platform-commons-1.9.3.jar;C:\Users\himanshu.jain1\.m2\repository\org\apiguardian\apiguardian-api\1.1.2\apiguardian-api-1.1.2.jar;C:\Users\himanshu.jain1\.m2\repository\org\junit\jupiter\junit-jupiter-params\5.9.3\junit-jupiter-params-5.9.3.jar;C:\Users\himanshu.jain1\.m2\repository\org\junit\jupiter\junit-jupiter-engine\5.9.3\junit-jupiter-engine-5.9.3.jar;C:\Users\himanshu.jain1\.m2\repository\org\junit\platform\junit-platform-engine\1.9.3\junit-platform-engine-1.9.3.jar;C:\Users\himanshu.jain1\.m2\repository\org\mockito\mockito-core\5.3.1\mockito-core-5.3.1.jar;C:\Users\himanshu.jain1\.m2\repository\net\bytebuddy\byte-buddy-agent\1.14.12\byte-buddy-agent-1.14.12.jar;C:\Users\himanshu.jain1\.m2\repository\org\objenesis\objenesis\3.3\objenesis-3.3.jar;C:\Users\himanshu.jain1\.m2\repository\org\mockito\mockito-junit-jupiter\5.3.1\mockito-junit-jupiter-5.3.1.jar;C:\Users\himanshu.jain1\.m2\repository\org\skyscreamer\jsonassert\1.5.1\jsonassert-1.5.1.jar;C:\Users\himanshu.jain1\.m2\repository\com\vaadin\external\google\android-json\0.0.20131108.vaadin1\android-json-0.0.20131108.vaadin1.jar;C:\Users\himanshu.jain1\.m2\repository\org\springframework\spring-core\6.0.18\spring-core-6.0.18.jar;C:\Users\himanshu.jain1\.m2\repository\org\springframework\spring-jcl\6.0.18\spring-jcl-6.0.18.jar;C:\Users\himanshu.jain1\.m2\repository\org\springframework\spring-test\6.0.18\spring-test-6.0.18.jar;C:\Users\himanshu.jain1\.m2\repository\org\xmlunit\xmlunit-core\2.9.1\xmlunit-core-2.9.1.jar;"/>
    <property name="java.vm.vendor" value="Amazon.com Inc."/>
    <property name="sun.arch.data.model" value="64"/>
    <property name="user.variant" value=""/>
    <property name="java.vendor.url" value="https://aws.amazon.com/corretto/"/>
    <property name="user.timezone" value="Asia/Calcutta"/>
    <property name="os.name" value="Windows 10"/>
    <property name="java.vm.specification.version" value="17"/>
    <property name="sun.java.launcher" value="SUN_STANDARD"/>
    <property name="user.country" value="IN"/>
    <property name="sun.boot.library.path" value="C:\Users\himanshu.jain1\.jdks\corretto-17.0.10\bin"/>
    <property name="sun.java.command" value="C:\Users\himanshu.jain1\AppData\Local\Temp\surefire16637701783529394283\surefirebooter-20240326231522045_3.jar C:\Users\himanshu.jain1\AppData\Local\Temp\surefire16637701783529394283 2024-03-26T23-15-18_270-jvmRun1 surefire-20240326231522045_1tmp surefire_0-20240326231522045_2tmp"/>
    <property name="jdk.debug" value="release"/>
    <property name="surefire.test.class.path" value="C:\Users\himanshu.jain1\Documents\Learning\LRU\target\test-classes;C:\Users\himanshu.jain1\Documents\Learning\LRU\target\classes;C:\Users\himanshu.jain1\.m2\repository\org\springframework\boot\spring-boot-starter-web\3.1.11-SNAPSHOT\spring-boot-starter-web-3.1.11-SNAPSHOT.jar;C:\Users\himanshu.jain1\.m2\repository\org\springframework\boot\spring-boot-starter\3.1.11-SNAPSHOT\spring-boot-starter-3.1.11-SNAPSHOT.jar;C:\Users\himanshu.jain1\.m2\repository\org\springframework\boot\spring-boot\3.1.11-SNAPSHOT\spring-boot-3.1.11-SNAPSHOT.jar;C:\Users\himanshu.jain1\.m2\repository\org\springframework\boot\spring-boot-autoconfigure\3.1.11-SNAPSHOT\spring-boot-autoconfigure-3.1.11-SNAPSHOT.jar;C:\Users\himanshu.jain1\.m2\repository\org\springframework\boot\spring-boot-starter-logging\3.1.11-SNAPSHOT\spring-boot-starter-logging-3.1.11-SNAPSHOT.jar;C:\Users\himanshu.jain1\.m2\repository\ch\qos\logback\logback-classic\1.4.14\logback-classic-1.4.14.jar;C:\Users\himanshu.jain1\.m2\repository\ch\qos\logback\logback-core\1.4.14\logback-core-1.4.14.jar;C:\Users\himanshu.jain1\.m2\repository\org\apache\logging\log4j\log4j-to-slf4j\2.20.0\log4j-to-slf4j-2.20.0.jar;C:\Users\himanshu.jain1\.m2\repository\org\apache\logging\log4j\log4j-api\2.20.0\log4j-api-2.20.0.jar;C:\Users\himanshu.jain1\.m2\repository\org\slf4j\jul-to-slf4j\2.0.12\jul-to-slf4j-2.0.12.jar;C:\Users\himanshu.jain1\.m2\repository\jakarta\annotation\jakarta.annotation-api\2.1.1\jakarta.annotation-api-2.1.1.jar;C:\Users\himanshu.jain1\.m2\repository\org\yaml\snakeyaml\1.33\snakeyaml-1.33.jar;C:\Users\himanshu.jain1\.m2\repository\org\springframework\boot\spring-boot-starter-json\3.1.11-SNAPSHOT\spring-boot-starter-json-3.1.11-SNAPSHOT.jar;C:\Users\himanshu.jain1\.m2\repository\com\fasterxml\jackson\core\jackson-databind\2.15.4\jackson-databind-2.15.4.jar;C:\Users\himanshu.jain1\.m2\repository\com\fasterxml\jackson\core\jackson-annotations\2.15.4\jackson-annotations-2.15.4.jar;C:\Users\himanshu.jain1\.m2\repository\com\fasterxml\jackson\core\jackson-core\2.15.4\jackson-core-2.15.4.jar;C:\Users\himanshu.jain1\.m2\repository\com\fasterxml\jackson\datatype\jackson-datatype-jdk8\2.15.4\jackson-datatype-jdk8-2.15.4.jar;C:\Users\himanshu.jain1\.m2\repository\com\fasterxml\jackson\datatype\jackson-datatype-jsr310\2.15.4\jackson-datatype-jsr310-2.15.4.jar;C:\Users\himanshu.jain1\.m2\repository\com\fasterxml\jackson\module\jackson-module-parameter-names\2.15.4\jackson-module-parameter-names-2.15.4.jar;C:\Users\himanshu.jain1\.m2\repository\org\springframework\boot\spring-boot-starter-tomcat\3.1.11-SNAPSHOT\spring-boot-starter-tomcat-3.1.11-SNAPSHOT.jar;C:\Users\himanshu.jain1\.m2\repository\org\apache\tomcat\embed\tomcat-embed-core\10.1.19\tomcat-embed-core-10.1.19.jar;C:\Users\himanshu.jain1\.m2\repository\org\apache\tomcat\embed\tomcat-embed-el\10.1.19\tomcat-embed-el-10.1.19.jar;C:\Users\himanshu.jain1\.m2\repository\org\apache\tomcat\embed\tomcat-embed-websocket\10.1.19\tomcat-embed-websocket-10.1.19.jar;C:\Users\himanshu.jain1\.m2\repository\org\springframework\spring-web\6.0.18\spring-web-6.0.18.jar;C:\Users\himanshu.jain1\.m2\repository\org\springframework\spring-beans\6.0.18\spring-beans-6.0.18.jar;C:\Users\himanshu.jain1\.m2\repository\io\micrometer\micrometer-observation\1.11.10\micrometer-observation-1.11.10.jar;C:\Users\himanshu.jain1\.m2\repository\io\micrometer\micrometer-commons\1.11.10\micrometer-commons-1.11.10.jar;C:\Users\himanshu.jain1\.m2\repository\org\springframework\spring-webmvc\6.0.18\spring-webmvc-6.0.18.jar;C:\Users\himanshu.jain1\.m2\repository\org\springframework\spring-aop\6.0.18\spring-aop-6.0.18.jar;C:\Users\himanshu.jain1\.m2\repository\org\springframework\spring-context\6.0.18\spring-context-6.0.18.jar;C:\Users\himanshu.jain1\.m2\repository\org\springframework\spring-expression\6.0.18\spring-expression-6.0.18.jar;C:\Users\himanshu.jain1\.m2\repository\org\projectlombok\lombok\1.18.30\lombok-1.18.30.jar;C:\Users\himanshu.jain1\.m2\repository\org\springframework\boot\spring-boot-starter-test\3.1.11-SNAPSHOT\spring-boot-starter-test-3.1.11-SNAPSHOT.jar;C:\Users\himanshu.jain1\.m2\repository\org\springframework\boot\spring-boot-test\3.1.11-SNAPSHOT\spring-boot-test-3.1.11-SNAPSHOT.jar;C:\Users\himanshu.jain1\.m2\repository\org\springframework\boot\spring-boot-test-autoconfigure\3.1.11-SNAPSHOT\spring-boot-test-autoconfigure-3.1.11-SNAPSHOT.jar;C:\Users\himanshu.jain1\.m2\repository\com\jayway\jsonpath\json-path\2.9.0\json-path-2.9.0.jar;C:\Users\himanshu.jain1\.m2\repository\org\slf4j\slf4j-api\2.0.12\slf4j-api-2.0.12.jar;C:\Users\himanshu.jain1\.m2\repository\jakarta\xml\bind\jakarta.xml.bind-api\4.0.2\jakarta.xml.bind-api-4.0.2.jar;C:\Users\himanshu.jain1\.m2\repository\jakarta\activation\jakarta.activation-api\2.1.3\jakarta.activation-api-2.1.3.jar;C:\Users\himanshu.jain1\.m2\repository\net\minidev\json-smart\2.4.11\json-smart-2.4.11.jar;C:\Users\himanshu.jain1\.m2\repository\net\minidev\accessors-smart\2.4.11\accessors-smart-2.4.11.jar;C:\Users\himanshu.jain1\.m2\repository\org\ow2\asm\asm\9.3\asm-9.3.jar;C:\Users\himanshu.jain1\.m2\repository\org\assertj\assertj-core\3.24.2\assertj-core-3.24.2.jar;C:\Users\himanshu.jain1\.m2\repository\net\bytebuddy\byte-buddy\1.14.12\byte-buddy-1.14.12.jar;C:\Users\himanshu.jain1\.m2\repository\org\hamcrest\hamcrest\2.2\hamcrest-2.2.jar;C:\Users\himanshu.jain1\.m2\repository\org\junit\jupiter\junit-jupiter\5.9.3\junit-jupiter-5.9.3.jar;C:\Users\himanshu.jain1\.m2\repository\org\junit\jupiter\junit-jupiter-api\5.9.3\junit-jupiter-api-5.9.3.jar;C:\Users\himanshu.jain1\.m2\repository\org\opentest4j\opentest4j\1.2.0\opentest4j-1.2.0.jar;C:\Users\himanshu.jain1\.m2\repository\org\junit\platform\junit-platform-commons\1.9.3\junit-platform-commons-1.9.3.jar;C:\Users\himanshu.jain1\.m2\repository\org\apiguardian\apiguardian-api\1.1.2\apiguardian-api-1.1.2.jar;C:\Users\himanshu.jain1\.m2\repository\org\junit\jupiter\junit-jupiter-params\5.9.3\junit-jupiter-params-5.9.3.jar;C:\Users\himanshu.jain1\.m2\repository\org\junit\jupiter\junit-jupiter-engine\5.9.3\junit-jupiter-engine-5.9.3.jar;C:\Users\himanshu.jain1\.m2\repository\org\junit\platform\junit-platform-engine\1.9.3\junit-platform-engine-1.9.3.jar;C:\Users\himanshu.jain1\.m2\repository\org\mockito\mockito-core\5.3.1\mockito-core-5.3.1.jar;C:\Users\himanshu.jain1\.m2\repository\net\bytebuddy\byte-buddy-agent\1.14.12\byte-buddy-agent-1.14.12.jar;C:\Users\himanshu.jain1\.m2\repository\org\objenesis\objenesis\3.3\objenesis-3.3.jar;C:\Users\himanshu.jain1\.m2\repository\org\mockito\mockito-junit-jupiter\5.3.1\mockito-junit-jupiter-5.3.1.jar;C:\Users\himanshu.jain1\.m2\repository\org\skyscreamer\jsonassert\1.5.1\jsonassert-1.5.1.jar;C:\Users\himanshu.jain1\.m2\repository\com\vaadin\external\google\android-json\0.0.20131108.vaadin1\android-json-0.0.20131108.vaadin1.jar;C:\Users\himanshu.jain1\.m2\repository\org\springframework\spring-core\6.0.18\spring-core-6.0.18.jar;C:\Users\himanshu.jain1\.m2\repository\org\springframework\spring-jcl\6.0.18\spring-jcl-6.0.18.jar;C:\Users\himanshu.jain1\.m2\repository\org\springframework\spring-test\6.0.18\spring-test-6.0.18.jar;C:\Users\himanshu.jain1\.m2\repository\org\xmlunit\xmlunit-core\2.9.1\xmlunit-core-2.9.1.jar;"/>
    <property name="sun.cpu.endian" value="little"/>
    <property name="user.home" value="C:\Users\himanshu.jain1"/>
    <property name="user.language" value="en"/>
    <property name="java.specification.vendor" value="Oracle Corporation"/>
    <property name="java.version.date" value="2024-01-16"/>
    <property name="java.home" value="C:\Users\himanshu.jain1\.jdks\corretto-17.0.10"/>
    <property name="file.separator" value="\"/>
    <property name="basedir" value="C:\Users\himanshu.jain1\Documents\Learning\LRU"/>
    <property name="java.vm.compressedOopsMode" value="Zero based"/>
    <property name="line.separator" value="&#10;"/>
    <property name="java.vm.specification.vendor" value="Oracle Corporation"/>
    <property name="java.specification.name" value="Java Platform API Specification"/>
    <property name="FILE_LOG_CHARSET" value="windows-1252"/>
    <property name="java.awt.headless" value="true"/>
    <property name="surefire.real.class.path" value="C:\Users\himanshu.jain1\AppData\Local\Temp\surefire16637701783529394283\surefirebooter-20240326231522045_3.jar"/>
    <property name="user.script" value=""/>
    <property name="sun.management.compiler" value="HotSpot 64-Bit Tiered Compilers"/>
    <property name="java.runtime.version" value="17.0.10+7-LTS"/>
    <property name="user.name" value="Himanshu.jain1"/>
    <property name="path.separator" value=";"/>
    <property name="os.version" value="10.0"/>
    <property name="java.runtime.name" value="OpenJDK Runtime Environment"/>
    <property name="file.encoding" value="Cp1252"/>
    <property name="java.vm.name" value="OpenJDK 64-Bit Server VM"/>
    <property name="java.vendor.version" value="Corretto-17.0.10.7.1"/>
    <property name="localRepository" value="C:\Users\himanshu.jain1\.m2\repository"/>
    <property name="java.vendor.url.bug" value="https://github.com/corretto/corretto-17/issues/"/>
    <property name="java.io.tmpdir" value="C:\Users\HIMANS~1.JAI\AppData\Local\Temp\"/>
    <property name="idea.version" value="2022.3.2"/>
    <property name="java.version" value="17.0.10"/>
    <property name="user.dir" value="C:\Users\himanshu.jain1\Documents\Learning\LRU"/>
    <property name="os.arch" value="amd64"/>
    <property name="java.vm.specification.name" value="Java Virtual Machine Specification"/>
    <property name="PID" value="19140"/>
    <property name="sun.os.patch.level" value=""/>
    <property name="CONSOLE_LOG_CHARSET" value="windows-1252"/>
    <property name="native.encoding" value="Cp1252"/>
    <property name="java.library.path" value="C:\Users\himanshu.jain1\.jdks\corretto-17.0.10\bin;C:\Windows\Sun\Java\bin;C:\Windows\system32;C:\Windows;C:\Program Files\Common Files\Oracle\Java\javapath;C:\Windows\system32;C:\Windows;C:\Windows\System32\Wbem;C:\Windows\System32\WindowsPowerShell\v1.0\;C:\Windows\System32\OpenSSH\;C:\Program Files\Docker\Docker\resources\bin;C:\Program Files\apache-maven-3.1.0\bin;C:\Program Files\MySQL\MySQL Server 8.0\bin;C:\Program Files\Java\jdk-11.0.14\bin;C:\Program Files\dotnet\;C:\Users\himanshu.jain1\AppData\Local\Microsoft\WindowsApps;C:\Users\himanshu.jain1\AppData\Local\Programs\Git\cmd;C:\Users\himanshu.jain1\AppData\Local\GitHubDesktop\bin;."/>
    <property name="java.vm.info" value="mixed mode, sharing"/>
    <property name="java.vendor" value="Amazon.com Inc."/>
    <property name="java.vm.version" value="17.0.10+7-LTS"/>
    <property name="sun.io.unicode.encoding" value="UnicodeLittle"/>
    <property name="java.class.version" value="61.0"/>
  </properties>
  <testcase name="contextLoads" classname="com.example.LRU.LruApplicationTests" time="1.207">
    <system-out><![CDATA[23:15:23.600 [main] INFO org.springframework.test.context.support.AnnotationConfigContextLoaderUtils -- Could not detect default configuration classes for test class [com.example.LRU.LruApplicationTests]: LruApplicationTests does not declare any static, non-private, non-final, nested classes annotated with @Configuration.
23:15:23.761 [main] INFO org.springframework.boot.test.context.SpringBootTestContextBootstrapper -- Found @SpringBootConfiguration com.example.LRU.LruApplication for test class com.example.LRU.LruApplicationTests

  .   ____          _            __ _ _
 /\\ / ___'_ __ _ _(_)_ __  __ _ \ \ \ \
( ( )\___ | '_ | '_| | '_ \/ _` | \ \ \ \
 \\/  ___)| |_)| | | | | || (_| |  ) ) ) )
  '  |____| .__|_| |_|_| |_\__, | / / / /
 =========|_|==============|___/=/_/_/_/
 :: Spring Boot ::      (v3.1.11-SNAPSHOT)

2024-03-26T23:15:24.341+05:30  INFO 19140 --- [           main] com.example.LRU.LruApplicationTests      : Starting LruApplicationTests using Java 17.0.10 with PID 19140 (started by Himanshu.jain1 in C:\Users\himanshu.jain1\Documents\Learning\LRU)
2024-03-26T23:15:24.344+05:30  INFO 19140 --- [           main] com.example.LRU.LruApplicationTests      : No active profile set, falling back to 1 default profile: "default"
2024-03-26T23:15:25.966+05:30  INFO 19140 --- [           main] com.example.LRU.LruApplicationTests      : Started LruApplicationTests in 1.975 seconds (process running for 3.69)
]]></system-out>
  </testcase>
</testsuite>